{"C:\\Users\\s_pod\\Projects\\NodeJs\\node_accounting-app-with-db\\src\\createServer.js": {"path":"C:\\Users\\s_pod\\Projects\\NodeJs\\node_accounting-app-with-db\\src\\createServer.js","statementMap":{"0":{"start":{"line":3,"column":16},"end":{"line":3,"column":34}},"1":{"start":{"line":4,"column":13},"end":{"line":4,"column":28}},"2":{"start":{"line":5,"column":23},"end":{"line":5,"column":57}},"3":{"start":{"line":6,"column":26},"end":{"line":6,"column":63}},"4":{"start":{"line":9,"column":14},"end":{"line":9,"column":23}},"5":{"start":{"line":11,"column":2},"end":{"line":11,"column":18}},"6":{"start":{"line":13,"column":2},"end":{"line":15,"column":5}},"7":{"start":{"line":14,"column":4},"end":{"line":14,"column":15}},"8":{"start":{"line":17,"column":2},"end":{"line":17,"column":26}},"9":{"start":{"line":18,"column":2},"end":{"line":18,"column":32}},"10":{"start":{"line":19,"column":2},"end":{"line":19,"column":38}},"11":{"start":{"line":21,"column":2},"end":{"line":21,"column":13}},"12":{"start":{"line":24,"column":0},"end":{"line":26,"column":2}}},"fnMap":{"0":{"name":"createServer","decl":{"start":{"line":8,"column":9},"end":{"line":8,"column":21}},"loc":{"start":{"line":8,"column":24},"end":{"line":22,"column":1}},"line":8},"1":{"name":"(anonymous_1)","decl":{"start":{"line":13,"column":27},"end":{"line":13,"column":28}},"loc":{"start":{"line":13,"column":41},"end":{"line":15,"column":3}},"line":13}},"branchMap":{},"s":{"0":1,"1":1,"2":1,"3":1,"4":1,"5":1,"6":1,"7":0,"8":1,"9":1,"10":1,"11":1,"12":1},"f":{"0":1,"1":0},"b":{},"_coverageSchema":"1a1c01bbd47fc00a2c39e90264f33305004495a9","hash":"f626cd9b7995a1432fe9aa09ee9fbe03ef293018"}
,"C:\\Users\\s_pod\\Projects\\NodeJs\\node_accounting-app-with-db\\src\\db.js": {"path":"C:\\Users\\s_pod\\Projects\\NodeJs\\node_accounting-app-with-db\\src\\db.js","statementMap":{"0":{"start":{"line":3,"column":22},"end":{"line":3,"column":42}},"1":{"start":{"line":4,"column":14},"end":{"line":4,"column":29}},"2":{"start":{"line":7,"column":0},"end":{"line":7,"column":27}},"3":{"start":{"line":8,"column":0},"end":{"line":8,"column":39}},"4":{"start":{"line":16,"column":4},"end":{"line":16,"column":15}},"5":{"start":{"line":23,"column":18},"end":{"line":30,"column":2}},"6":{"start":{"line":32,"column":0},"end":{"line":34,"column":2}}},"fnMap":{},"branchMap":{"0":{"loc":{"start":{"line":24,"column":12},"end":{"line":24,"column":37}},"type":"binary-expr","locations":[{"start":{"line":24,"column":12},"end":{"line":24,"column":23}},{"start":{"line":24,"column":27},"end":{"line":24,"column":37}}],"line":24},"1":{"loc":{"start":{"line":25,"column":12},"end":{"line":25,"column":39}},"type":"binary-expr","locations":[{"start":{"line":25,"column":12},"end":{"line":25,"column":25}},{"start":{"line":25,"column":29},"end":{"line":25,"column":39}}],"line":25},"2":{"loc":{"start":{"line":26,"column":8},"end":{"line":26,"column":36}},"type":"binary-expr","locations":[{"start":{"line":26,"column":8},"end":{"line":26,"column":21}},{"start":{"line":26,"column":25},"end":{"line":26,"column":36}}],"line":26},"3":{"loc":{"start":{"line":28,"column":8},"end":{"line":28,"column":37}},"type":"binary-expr","locations":[{"start":{"line":28,"column":8},"end":{"line":28,"column":29}},{"start":{"line":28,"column":33},"end":{"line":28,"column":37}}],"line":28},"4":{"loc":{"start":{"line":29,"column":12},"end":{"line":29,"column":38}},"type":"binary-expr","locations":[{"start":{"line":29,"column":12},"end":{"line":29,"column":29}},{"start":{"line":29,"column":33},"end":{"line":29,"column":38}}],"line":29}},"s":{"0":1,"1":1,"2":1,"3":1,"4":1,"5":1,"6":1},"f":{},"b":{"0":[1,1],"1":[1,1],"2":[1,1],"3":[1,1],"4":[1,0]},"_coverageSchema":"1a1c01bbd47fc00a2c39e90264f33305004495a9","hash":"d551d268da6b2132d4ed677b941edeb835b0ba1d"}
,"C:\\Users\\s_pod\\Projects\\NodeJs\\node_accounting-app-with-db\\src\\controllers\\expenses.controller.js": {"path":"C:\\Users\\s_pod\\Projects\\NodeJs\\node_accounting-app-with-db\\src\\controllers\\expenses.controller.js","statementMap":{"0":{"start":{"line":7,"column":4},"end":{"line":7,"column":47}},"1":{"start":{"line":8,"column":23},"end":{"line":8,"column":66}},"2":{"start":{"line":9,"column":24},"end":{"line":9,"column":64}},"3":{"start":{"line":11,"column":15},"end":{"line":22,"column":1}},"4":{"start":{"line":12,"column":43},"end":{"line":12,"column":52}},"5":{"start":{"line":13,"column":20},"end":{"line":13,"column":22}},"6":{"start":{"line":15,"column":2},"end":{"line":19,"column":3}},"7":{"start":{"line":16,"column":4},"end":{"line":16,"column":69}},"8":{"start":{"line":18,"column":4},"end":{"line":18,"column":20}},"9":{"start":{"line":21,"column":2},"end":{"line":21,"column":54}},"10":{"start":{"line":21,"column":36},"end":{"line":21,"column":51}},"11":{"start":{"line":24,"column":15},"end":{"line":39,"column":1}},"12":{"start":{"line":25,"column":17},"end":{"line":25,"column":27}},"13":{"start":{"line":26,"column":16},"end":{"line":26,"column":20}},"14":{"start":{"line":28,"column":2},"end":{"line":30,"column":12}},"15":{"start":{"line":29,"column":4},"end":{"line":29,"column":40}},"16":{"start":{"line":32,"column":2},"end":{"line":36,"column":3}},"17":{"start":{"line":33,"column":4},"end":{"line":33,"column":20}},"18":{"start":{"line":35,"column":4},"end":{"line":35,"column":11}},"19":{"start":{"line":38,"column":2},"end":{"line":38,"column":32}},"20":{"start":{"line":41,"column":15},"end":{"line":76,"column":1}},"21":{"start":{"line":42,"column":61},"end":{"line":42,"column":69}},"22":{"start":{"line":45,"column":2},"end":{"line":49,"column":3}},"23":{"start":{"line":46,"column":4},"end":{"line":46,"column":37}},"24":{"start":{"line":48,"column":4},"end":{"line":48,"column":16}},"25":{"start":{"line":51,"column":2},"end":{"line":55,"column":3}},"26":{"start":{"line":52,"column":4},"end":{"line":52,"column":24}},"27":{"start":{"line":54,"column":4},"end":{"line":54,"column":11}},"28":{"start":{"line":59,"column":2},"end":{"line":72,"column":3}},"29":{"start":{"line":60,"column":4},"end":{"line":67,"column":6}},"30":{"start":{"line":69,"column":4},"end":{"line":69,"column":24}},"31":{"start":{"line":71,"column":4},"end":{"line":71,"column":11}},"32":{"start":{"line":74,"column":2},"end":{"line":74,"column":23}},"33":{"start":{"line":75,"column":2},"end":{"line":75,"column":35}},"34":{"start":{"line":78,"column":15},"end":{"line":113,"column":1}},"35":{"start":{"line":79,"column":17},"end":{"line":79,"column":27}},"36":{"start":{"line":80,"column":16},"end":{"line":80,"column":20}},"37":{"start":{"line":82,"column":2},"end":{"line":88,"column":3}},"38":{"start":{"line":83,"column":4},"end":{"line":83,"column":40}},"39":{"start":{"line":85,"column":4},"end":{"line":85,"column":24}},"40":{"start":{"line":87,"column":4},"end":{"line":87,"column":11}},"41":{"start":{"line":90,"column":2},"end":{"line":94,"column":3}},"42":{"start":{"line":91,"column":4},"end":{"line":91,"column":24}},"43":{"start":{"line":93,"column":4},"end":{"line":93,"column":11}},"44":{"start":{"line":96,"column":2},"end":{"line":102,"column":3}},"45":{"start":{"line":97,"column":4},"end":{"line":97,"column":38}},"46":{"start":{"line":99,"column":4},"end":{"line":99,"column":24}},"47":{"start":{"line":101,"column":4},"end":{"line":101,"column":11}},"48":{"start":{"line":104,"column":2},"end":{"line":110,"column":3}},"49":{"start":{"line":105,"column":4},"end":{"line":105,"column":40}},"50":{"start":{"line":107,"column":4},"end":{"line":107,"column":24}},"51":{"start":{"line":109,"column":4},"end":{"line":109,"column":11}},"52":{"start":{"line":112,"column":2},"end":{"line":112,"column":20}},"53":{"start":{"line":115,"column":18},"end":{"line":139,"column":1}},"54":{"start":{"line":116,"column":17},"end":{"line":116,"column":27}},"55":{"start":{"line":117,"column":16},"end":{"line":117,"column":20}},"56":{"start":{"line":119,"column":2},"end":{"line":125,"column":3}},"57":{"start":{"line":120,"column":4},"end":{"line":120,"column":34}},"58":{"start":{"line":122,"column":4},"end":{"line":122,"column":24}},"59":{"start":{"line":124,"column":4},"end":{"line":124,"column":11}},"60":{"start":{"line":127,"column":2},"end":{"line":131,"column":3}},"61":{"start":{"line":128,"column":4},"end":{"line":128,"column":24}},"62":{"start":{"line":130,"column":4},"end":{"line":130,"column":11}},"63":{"start":{"line":133,"column":2},"end":{"line":137,"column":3}},"64":{"start":{"line":134,"column":4},"end":{"line":134,"column":28}},"65":{"start":{"line":136,"column":4},"end":{"line":136,"column":24}},"66":{"start":{"line":138,"column":2},"end":{"line":138,"column":22}},"67":{"start":{"line":141,"column":0},"end":{"line":147,"column":2}}},"fnMap":{"0":{"name":"(anonymous_0)","decl":{"start":{"line":11,"column":15},"end":{"line":11,"column":16}},"loc":{"start":{"line":11,"column":35},"end":{"line":22,"column":1}},"line":11},"1":{"name":"(anonymous_1)","decl":{"start":{"line":21,"column":27},"end":{"line":21,"column":28}},"loc":{"start":{"line":21,"column":36},"end":{"line":21,"column":51}},"line":21},"2":{"name":"(anonymous_2)","decl":{"start":{"line":24,"column":15},"end":{"line":24,"column":16}},"loc":{"start":{"line":24,"column":35},"end":{"line":39,"column":1}},"line":24},"3":{"name":"(anonymous_3)","decl":{"start":{"line":41,"column":15},"end":{"line":41,"column":16}},"loc":{"start":{"line":41,"column":35},"end":{"line":76,"column":1}},"line":41},"4":{"name":"(anonymous_4)","decl":{"start":{"line":78,"column":15},"end":{"line":78,"column":16}},"loc":{"start":{"line":78,"column":35},"end":{"line":113,"column":1}},"line":78},"5":{"name":"(anonymous_5)","decl":{"start":{"line":115,"column":18},"end":{"line":115,"column":19}},"loc":{"start":{"line":115,"column":38},"end":{"line":139,"column":1}},"line":115}},"branchMap":{"0":{"loc":{"start":{"line":32,"column":2},"end":{"line":36,"column":3}},"type":"if","locations":[{"start":{"line":32,"column":2},"end":{"line":36,"column":3}},{"start":{},"end":{}}],"line":32},"1":{"loc":{"start":{"line":51,"column":2},"end":{"line":55,"column":3}},"type":"if","locations":[{"start":{"line":51,"column":2},"end":{"line":55,"column":3}},{"start":{},"end":{}}],"line":51},"2":{"loc":{"start":{"line":51,"column":6},"end":{"line":51,"column":21}},"type":"binary-expr","locations":[{"start":{"line":51,"column":6},"end":{"line":51,"column":11}},{"start":{"line":51,"column":15},"end":{"line":51,"column":21}}],"line":51},"3":{"loc":{"start":{"line":90,"column":2},"end":{"line":94,"column":3}},"type":"if","locations":[{"start":{"line":90,"column":2},"end":{"line":94,"column":3}},{"start":{},"end":{}}],"line":90},"4":{"loc":{"start":{"line":127,"column":2},"end":{"line":131,"column":3}},"type":"if","locations":[{"start":{"line":127,"column":2},"end":{"line":131,"column":3}},{"start":{},"end":{}}],"line":127}},"s":{"0":1,"1":1,"2":1,"3":1,"4":0,"5":0,"6":0,"7":0,"8":0,"9":0,"10":0,"11":1,"12":0,"13":0,"14":0,"15":0,"16":0,"17":0,"18":0,"19":0,"20":1,"21":0,"22":0,"23":0,"24":0,"25":0,"26":0,"27":0,"28":0,"29":0,"30":0,"31":0,"32":0,"33":0,"34":1,"35":0,"36":0,"37":0,"38":0,"39":0,"40":0,"41":0,"42":0,"43":0,"44":0,"45":0,"46":0,"47":0,"48":0,"49":0,"50":0,"51":0,"52":0,"53":1,"54":0,"55":0,"56":0,"57":0,"58":0,"59":0,"60":0,"61":0,"62":0,"63":0,"64":0,"65":0,"66":0,"67":1},"f":{"0":0,"1":0,"2":0,"3":0,"4":0,"5":0},"b":{"0":[0,0],"1":[0,0],"2":[0,0],"3":[0,0],"4":[0,0]},"_coverageSchema":"1a1c01bbd47fc00a2c39e90264f33305004495a9","hash":"1bde3a235b99f7123beac6d497649e5cd1a620ca"}
,"C:\\Users\\s_pod\\Projects\\NodeJs\\node_accounting-app-with-db\\src\\controllers\\users.controller.js": {"path":"C:\\Users\\s_pod\\Projects\\NodeJs\\node_accounting-app-with-db\\src\\controllers\\users.controller.js","statementMap":{"0":{"start":{"line":8,"column":4},"end":{"line":8,"column":44}},"1":{"start":{"line":10,"column":15},"end":{"line":14,"column":1}},"2":{"start":{"line":11,"column":16},"end":{"line":11,"column":35}},"3":{"start":{"line":13,"column":2},"end":{"line":13,"column":50}},"4":{"start":{"line":13,"column":31},"end":{"line":13,"column":47}},"5":{"start":{"line":16,"column":15},"end":{"line":35,"column":1}},"6":{"start":{"line":17,"column":17},"end":{"line":17,"column":27}},"7":{"start":{"line":18,"column":13},"end":{"line":18,"column":17}},"8":{"start":{"line":20,"column":2},"end":{"line":26,"column":3}},"9":{"start":{"line":21,"column":4},"end":{"line":21,"column":33}},"10":{"start":{"line":23,"column":4},"end":{"line":23,"column":20}},"11":{"start":{"line":25,"column":4},"end":{"line":25,"column":11}},"12":{"start":{"line":28,"column":2},"end":{"line":32,"column":3}},"13":{"start":{"line":29,"column":4},"end":{"line":29,"column":20}},"14":{"start":{"line":31,"column":4},"end":{"line":31,"column":11}},"15":{"start":{"line":34,"column":2},"end":{"line":34,"column":29}},"16":{"start":{"line":37,"column":15},"end":{"line":50,"column":1}},"17":{"start":{"line":38,"column":19},"end":{"line":38,"column":27}},"18":{"start":{"line":40,"column":2},"end":{"line":44,"column":3}},"19":{"start":{"line":41,"column":4},"end":{"line":41,"column":24}},"20":{"start":{"line":43,"column":4},"end":{"line":43,"column":11}},"21":{"start":{"line":46,"column":18},"end":{"line":46,"column":40}},"22":{"start":{"line":48,"column":2},"end":{"line":48,"column":23}},"23":{"start":{"line":49,"column":2},"end":{"line":49,"column":31}},"24":{"start":{"line":52,"column":15},"end":{"line":85,"column":1}},"25":{"start":{"line":53,"column":17},"end":{"line":53,"column":27}},"26":{"start":{"line":54,"column":19},"end":{"line":54,"column":27}},"27":{"start":{"line":56,"column":2},"end":{"line":60,"column":3}},"28":{"start":{"line":57,"column":4},"end":{"line":57,"column":24}},"29":{"start":{"line":59,"column":4},"end":{"line":59,"column":11}},"30":{"start":{"line":62,"column":13},"end":{"line":62,"column":17}},"31":{"start":{"line":64,"column":2},"end":{"line":70,"column":3}},"32":{"start":{"line":65,"column":4},"end":{"line":65,"column":31}},"33":{"start":{"line":67,"column":4},"end":{"line":67,"column":24}},"34":{"start":{"line":69,"column":4},"end":{"line":69,"column":11}},"35":{"start":{"line":72,"column":2},"end":{"line":76,"column":3}},"36":{"start":{"line":73,"column":4},"end":{"line":73,"column":33}},"37":{"start":{"line":75,"column":4},"end":{"line":75,"column":16}},"38":{"start":{"line":78,"column":2},"end":{"line":82,"column":3}},"39":{"start":{"line":79,"column":4},"end":{"line":79,"column":24}},"40":{"start":{"line":81,"column":4},"end":{"line":81,"column":11}},"41":{"start":{"line":84,"column":2},"end":{"line":84,"column":29}},"42":{"start":{"line":87,"column":18},"end":{"line":112,"column":1}},"43":{"start":{"line":88,"column":17},"end":{"line":88,"column":27}},"44":{"start":{"line":89,"column":13},"end":{"line":89,"column":17}},"45":{"start":{"line":90,"column":2},"end":{"line":97,"column":3}},"46":{"start":{"line":91,"column":4},"end":{"line":91,"column":33}},"47":{"start":{"line":92,"column":4},"end":{"line":92,"column":42}},"48":{"start":{"line":94,"column":4},"end":{"line":94,"column":24}},"49":{"start":{"line":96,"column":4},"end":{"line":96,"column":11}},"50":{"start":{"line":99,"column":2},"end":{"line":103,"column":3}},"51":{"start":{"line":100,"column":4},"end":{"line":100,"column":24}},"52":{"start":{"line":102,"column":4},"end":{"line":102,"column":11}},"53":{"start":{"line":105,"column":2},"end":{"line":109,"column":3}},"54":{"start":{"line":106,"column":4},"end":{"line":106,"column":25}},"55":{"start":{"line":108,"column":4},"end":{"line":108,"column":24}},"56":{"start":{"line":111,"column":2},"end":{"line":111,"column":22}},"57":{"start":{"line":114,"column":0},"end":{"line":120,"column":2}}},"fnMap":{"0":{"name":"(anonymous_0)","decl":{"start":{"line":10,"column":15},"end":{"line":10,"column":16}},"loc":{"start":{"line":10,"column":33},"end":{"line":14,"column":1}},"line":10},"1":{"name":"(anonymous_1)","decl":{"start":{"line":13,"column":21},"end":{"line":13,"column":22}},"loc":{"start":{"line":13,"column":31},"end":{"line":13,"column":47}},"line":13},"2":{"name":"(anonymous_2)","decl":{"start":{"line":16,"column":15},"end":{"line":16,"column":16}},"loc":{"start":{"line":16,"column":35},"end":{"line":35,"column":1}},"line":16},"3":{"name":"(anonymous_3)","decl":{"start":{"line":37,"column":15},"end":{"line":37,"column":16}},"loc":{"start":{"line":37,"column":35},"end":{"line":50,"column":1}},"line":37},"4":{"name":"(anonymous_4)","decl":{"start":{"line":52,"column":15},"end":{"line":52,"column":16}},"loc":{"start":{"line":52,"column":35},"end":{"line":85,"column":1}},"line":52},"5":{"name":"(anonymous_5)","decl":{"start":{"line":87,"column":18},"end":{"line":87,"column":19}},"loc":{"start":{"line":87,"column":38},"end":{"line":112,"column":1}},"line":87}},"branchMap":{"0":{"loc":{"start":{"line":28,"column":2},"end":{"line":32,"column":3}},"type":"if","locations":[{"start":{"line":28,"column":2},"end":{"line":32,"column":3}},{"start":{},"end":{}}],"line":28},"1":{"loc":{"start":{"line":40,"column":2},"end":{"line":44,"column":3}},"type":"if","locations":[{"start":{"line":40,"column":2},"end":{"line":44,"column":3}},{"start":{},"end":{}}],"line":40},"2":{"loc":{"start":{"line":56,"column":2},"end":{"line":60,"column":3}},"type":"if","locations":[{"start":{"line":56,"column":2},"end":{"line":60,"column":3}},{"start":{},"end":{}}],"line":56},"3":{"loc":{"start":{"line":78,"column":2},"end":{"line":82,"column":3}},"type":"if","locations":[{"start":{"line":78,"column":2},"end":{"line":82,"column":3}},{"start":{},"end":{}}],"line":78},"4":{"loc":{"start":{"line":99,"column":2},"end":{"line":103,"column":3}},"type":"if","locations":[{"start":{"line":99,"column":2},"end":{"line":103,"column":3}},{"start":{},"end":{}}],"line":99}},"s":{"0":1,"1":1,"2":0,"3":0,"4":0,"5":1,"6":1,"7":1,"8":1,"9":1,"10":0,"11":0,"12":1,"13":1,"14":1,"15":0,"16":1,"17":1,"18":1,"19":0,"20":0,"21":1,"22":1,"23":1,"24":1,"25":0,"26":0,"27":0,"28":0,"29":0,"30":0,"31":0,"32":0,"33":0,"34":0,"35":0,"36":0,"37":0,"38":0,"39":0,"40":0,"41":0,"42":1,"43":1,"44":1,"45":1,"46":1,"47":1,"48":0,"49":0,"50":1,"51":0,"52":0,"53":1,"54":1,"55":0,"56":1,"57":1},"f":{"0":0,"1":0,"2":1,"3":1,"4":0,"5":1},"b":{"0":[1,0],"1":[0,1],"2":[0,0],"3":[0,0],"4":[0,1]},"_coverageSchema":"1a1c01bbd47fc00a2c39e90264f33305004495a9","hash":"b49687353f684d3abc137b55adcd1bc33b1df29f"}
,"C:\\Users\\s_pod\\Projects\\NodeJs\\node_accounting-app-with-db\\src\\models\\Expense.model.js": {"path":"C:\\Users\\s_pod\\Projects\\NodeJs\\node_accounting-app-with-db\\src\\models\\Expense.model.js","statementMap":{"0":{"start":{"line":3,"column":22},"end":{"line":3,"column":42}},"1":{"start":{"line":4,"column":22},"end":{"line":4,"column":41}},"2":{"start":{"line":6,"column":16},"end":{"line":41,"column":1}},"3":{"start":{"line":43,"column":0},"end":{"line":45,"column":2}}},"fnMap":{},"branchMap":{},"s":{"0":1,"1":1,"2":1,"3":1},"f":{},"b":{},"_coverageSchema":"1a1c01bbd47fc00a2c39e90264f33305004495a9","hash":"3a162adcffa0b5b6699bcd7229003312468b82de"}
,"C:\\Users\\s_pod\\Projects\\NodeJs\\node_accounting-app-with-db\\src\\models\\User.model.js": {"path":"C:\\Users\\s_pod\\Projects\\NodeJs\\node_accounting-app-with-db\\src\\models\\User.model.js","statementMap":{"0":{"start":{"line":3,"column":22},"end":{"line":3,"column":42}},"1":{"start":{"line":4,"column":22},"end":{"line":4,"column":41}},"2":{"start":{"line":6,"column":13},"end":{"line":21,"column":1}},"3":{"start":{"line":23,"column":0},"end":{"line":25,"column":2}}},"fnMap":{},"branchMap":{},"s":{"0":1,"1":1,"2":1,"3":1},"f":{},"b":{},"_coverageSchema":"1a1c01bbd47fc00a2c39e90264f33305004495a9","hash":"2352debe5e1b049d43d3bbfbfabd0f0a1c7144a6"}
,"C:\\Users\\s_pod\\Projects\\NodeJs\\node_accounting-app-with-db\\src\\models\\models.js": {"path":"C:\\Users\\s_pod\\Projects\\NodeJs\\node_accounting-app-with-db\\src\\models\\models.js","statementMap":{"0":{"start":{"line":3,"column":17},"end":{"line":3,"column":40}},"1":{"start":{"line":4,"column":20},"end":{"line":4,"column":46}},"2":{"start":{"line":6,"column":0},"end":{"line":11,"column":2}}},"fnMap":{},"branchMap":{},"s":{"0":1,"1":1,"2":1},"f":{},"b":{},"_coverageSchema":"1a1c01bbd47fc00a2c39e90264f33305004495a9","hash":"673380c9e4c3af22dc2f29a143ac6645f21dcf9b"}
,"C:\\Users\\s_pod\\Projects\\NodeJs\\node_accounting-app-with-db\\src\\routers\\expensesRoute.js": {"path":"C:\\Users\\s_pod\\Projects\\NodeJs\\node_accounting-app-with-db\\src\\routers\\expensesRoute.js","statementMap":{"0":{"start":{"line":1,"column":16},"end":{"line":1,"column":34}},"1":{"start":{"line":8,"column":4},"end":{"line":8,"column":52}},"2":{"start":{"line":10,"column":22},"end":{"line":10,"column":38}},"3":{"start":{"line":12,"column":0},"end":{"line":12,"column":31}},"4":{"start":{"line":14,"column":0},"end":{"line":14,"column":34}},"5":{"start":{"line":16,"column":0},"end":{"line":16,"column":32}},"6":{"start":{"line":18,"column":0},"end":{"line":18,"column":40}},"7":{"start":{"line":20,"column":0},"end":{"line":20,"column":36}},"8":{"start":{"line":22,"column":0},"end":{"line":24,"column":2}}},"fnMap":{},"branchMap":{},"s":{"0":1,"1":1,"2":1,"3":1,"4":1,"5":1,"6":1,"7":1,"8":1},"f":{},"b":{},"_coverageSchema":"1a1c01bbd47fc00a2c39e90264f33305004495a9","hash":"4d9ba60092391732cad7bbe238b4ab503beedb18"}
,"C:\\Users\\s_pod\\Projects\\NodeJs\\node_accounting-app-with-db\\src\\routers\\usersRoute.js": {"path":"C:\\Users\\s_pod\\Projects\\NodeJs\\node_accounting-app-with-db\\src\\routers\\usersRoute.js","statementMap":{"0":{"start":{"line":1,"column":16},"end":{"line":1,"column":34}},"1":{"start":{"line":8,"column":4},"end":{"line":8,"column":49}},"2":{"start":{"line":10,"column":19},"end":{"line":10,"column":35}},"3":{"start":{"line":12,"column":0},"end":{"line":12,"column":28}},"4":{"start":{"line":14,"column":0},"end":{"line":14,"column":31}},"5":{"start":{"line":16,"column":0},"end":{"line":16,"column":29}},"6":{"start":{"line":18,"column":0},"end":{"line":18,"column":37}},"7":{"start":{"line":20,"column":0},"end":{"line":20,"column":33}},"8":{"start":{"line":22,"column":0},"end":{"line":24,"column":2}}},"fnMap":{},"branchMap":{},"s":{"0":1,"1":1,"2":1,"3":1,"4":1,"5":1,"6":1,"7":1,"8":1},"f":{},"b":{},"_coverageSchema":"1a1c01bbd47fc00a2c39e90264f33305004495a9","hash":"55400e5dbf14aaa8c58ca7514560bab81e681174"}
,"C:\\Users\\s_pod\\Projects\\NodeJs\\node_accounting-app-with-db\\src\\services\\expenses.services.js": {"path":"C:\\Users\\s_pod\\Projects\\NodeJs\\node_accounting-app-with-db\\src\\services\\expenses.services.js","statementMap":{"0":{"start":{"line":1,"column":20},"end":{"line":1,"column":54}},"1":{"start":{"line":3,"column":19},"end":{"line":13,"column":1}},"2":{"start":{"line":4,"column":2},"end":{"line":12,"column":4}},"3":{"start":{"line":15,"column":23},"end":{"line":47,"column":1}},"4":{"start":{"line":16,"column":25},"end":{"line":16,"column":48}},"5":{"start":{"line":18,"column":2},"end":{"line":22,"column":3}},"6":{"start":{"line":19,"column":4},"end":{"line":21,"column":6}},"7":{"start":{"line":20,"column":19},"end":{"line":20,"column":64}},"8":{"start":{"line":24,"column":2},"end":{"line":28,"column":3}},"9":{"start":{"line":25,"column":4},"end":{"line":27,"column":6}},"10":{"start":{"line":26,"column":19},"end":{"line":26,"column":62}},"11":{"start":{"line":30,"column":2},"end":{"line":36,"column":3}},"12":{"start":{"line":31,"column":21},"end":{"line":31,"column":35}},"13":{"start":{"line":33,"column":4},"end":{"line":35,"column":6}},"14":{"start":{"line":34,"column":19},"end":{"line":34,"column":68}},"15":{"start":{"line":38,"column":2},"end":{"line":44,"column":3}},"16":{"start":{"line":39,"column":19},"end":{"line":39,"column":31}},"17":{"start":{"line":41,"column":4},"end":{"line":43,"column":6}},"18":{"start":{"line":42,"column":19},"end":{"line":42,"column":66}},"19":{"start":{"line":46,"column":2},"end":{"line":46,"column":26}},"20":{"start":{"line":49,"column":24},"end":{"line":49,"column":52}},"21":{"start":{"line":49,"column":32},"end":{"line":49,"column":52}},"22":{"start":{"line":51,"column":22},"end":{"line":59,"column":4}},"23":{"start":{"line":52,"column":2},"end":{"line":59,"column":4}},"24":{"start":{"line":61,"column":22},"end":{"line":63,"column":1}},"25":{"start":{"line":62,"column":2},"end":{"line":62,"column":49}},"26":{"start":{"line":65,"column":22},"end":{"line":65,"column":64}},"27":{"start":{"line":65,"column":30},"end":{"line":65,"column":64}},"28":{"start":{"line":67,"column":0},"end":{"line":74,"column":2}}},"fnMap":{"0":{"name":"(anonymous_0)","decl":{"start":{"line":3,"column":19},"end":{"line":3,"column":20}},"loc":{"start":{"line":3,"column":29},"end":{"line":13,"column":1}},"line":3},"1":{"name":"(anonymous_1)","decl":{"start":{"line":15,"column":23},"end":{"line":15,"column":24}},"loc":{"start":{"line":15,"column":63},"end":{"line":47,"column":1}},"line":15},"2":{"name":"(anonymous_2)","decl":{"start":{"line":20,"column":6},"end":{"line":20,"column":7}},"loc":{"start":{"line":20,"column":19},"end":{"line":20,"column":64}},"line":20},"3":{"name":"(anonymous_3)","decl":{"start":{"line":26,"column":6},"end":{"line":26,"column":7}},"loc":{"start":{"line":26,"column":19},"end":{"line":26,"column":62}},"line":26},"4":{"name":"(anonymous_4)","decl":{"start":{"line":34,"column":6},"end":{"line":34,"column":7}},"loc":{"start":{"line":34,"column":19},"end":{"line":34,"column":68}},"line":34},"5":{"name":"(anonymous_5)","decl":{"start":{"line":42,"column":6},"end":{"line":42,"column":7}},"loc":{"start":{"line":42,"column":19},"end":{"line":42,"column":66}},"line":42},"6":{"name":"(anonymous_6)","decl":{"start":{"line":49,"column":24},"end":{"line":49,"column":25}},"loc":{"start":{"line":49,"column":32},"end":{"line":49,"column":52}},"line":49},"7":{"name":"(anonymous_7)","decl":{"start":{"line":51,"column":22},"end":{"line":51,"column":23}},"loc":{"start":{"line":52,"column":2},"end":{"line":59,"column":4}},"line":52},"8":{"name":"(anonymous_8)","decl":{"start":{"line":61,"column":22},"end":{"line":61,"column":23}},"loc":{"start":{"line":61,"column":36},"end":{"line":63,"column":1}},"line":61},"9":{"name":"(anonymous_9)","decl":{"start":{"line":65,"column":22},"end":{"line":65,"column":23}},"loc":{"start":{"line":65,"column":30},"end":{"line":65,"column":64}},"line":65}},"branchMap":{"0":{"loc":{"start":{"line":18,"column":2},"end":{"line":22,"column":3}},"type":"if","locations":[{"start":{"line":18,"column":2},"end":{"line":22,"column":3}},{"start":{},"end":{}}],"line":18},"1":{"loc":{"start":{"line":24,"column":2},"end":{"line":28,"column":3}},"type":"if","locations":[{"start":{"line":24,"column":2},"end":{"line":28,"column":3}},{"start":{},"end":{}}],"line":24},"2":{"loc":{"start":{"line":30,"column":2},"end":{"line":36,"column":3}},"type":"if","locations":[{"start":{"line":30,"column":2},"end":{"line":36,"column":3}},{"start":{},"end":{}}],"line":30},"3":{"loc":{"start":{"line":38,"column":2},"end":{"line":44,"column":3}},"type":"if","locations":[{"start":{"line":38,"column":2},"end":{"line":44,"column":3}},{"start":{},"end":{}}],"line":38}},"s":{"0":1,"1":1,"2":0,"3":1,"4":0,"5":0,"6":0,"7":0,"8":0,"9":0,"10":0,"11":0,"12":0,"13":0,"14":0,"15":0,"16":0,"17":0,"18":0,"19":0,"20":1,"21":0,"22":1,"23":0,"24":1,"25":0,"26":1,"27":0,"28":1},"f":{"0":0,"1":0,"2":0,"3":0,"4":0,"5":0,"6":0,"7":0,"8":0,"9":0},"b":{"0":[0,0],"1":[0,0],"2":[0,0],"3":[0,0]},"_coverageSchema":"1a1c01bbd47fc00a2c39e90264f33305004495a9","hash":"c898f5b56dd1e2769af81b7c3edb1d8f128116e7"}
,"C:\\Users\\s_pod\\Projects\\NodeJs\\node_accounting-app-with-db\\src\\services\\users.services.js": {"path":"C:\\Users\\s_pod\\Projects\\NodeJs\\node_accounting-app-with-db\\src\\services\\users.services.js","statementMap":{"0":{"start":{"line":1,"column":17},"end":{"line":1,"column":48}},"1":{"start":{"line":3,"column":19},"end":{"line":5,"column":1}},"2":{"start":{"line":4,"column":2},"end":{"line":4,"column":43}},"3":{"start":{"line":7,"column":19},"end":{"line":7,"column":56}},"4":{"start":{"line":7,"column":35},"end":{"line":7,"column":56}},"5":{"start":{"line":9,"column":20},"end":{"line":9,"column":40}},"6":{"start":{"line":9,"column":26},"end":{"line":9,"column":40}},"7":{"start":{"line":11,"column":20},"end":{"line":11,"column":45}},"8":{"start":{"line":11,"column":28},"end":{"line":11,"column":45}},"9":{"start":{"line":13,"column":19},"end":{"line":13,"column":79}},"10":{"start":{"line":13,"column":33},"end":{"line":13,"column":79}},"11":{"start":{"line":15,"column":19},"end":{"line":15,"column":58}},"12":{"start":{"line":15,"column":27},"end":{"line":15,"column":58}},"13":{"start":{"line":17,"column":0},"end":{"line":24,"column":2}}},"fnMap":{"0":{"name":"(anonymous_0)","decl":{"start":{"line":3,"column":19},"end":{"line":3,"column":20}},"loc":{"start":{"line":3,"column":29},"end":{"line":5,"column":1}},"line":3},"1":{"name":"(anonymous_1)","decl":{"start":{"line":7,"column":19},"end":{"line":7,"column":20}},"loc":{"start":{"line":7,"column":35},"end":{"line":7,"column":56}},"line":7},"2":{"name":"(anonymous_2)","decl":{"start":{"line":9,"column":20},"end":{"line":9,"column":21}},"loc":{"start":{"line":9,"column":26},"end":{"line":9,"column":40}},"line":9},"3":{"name":"(anonymous_3)","decl":{"start":{"line":11,"column":20},"end":{"line":11,"column":21}},"loc":{"start":{"line":11,"column":28},"end":{"line":11,"column":45}},"line":11},"4":{"name":"(anonymous_4)","decl":{"start":{"line":13,"column":19},"end":{"line":13,"column":20}},"loc":{"start":{"line":13,"column":33},"end":{"line":13,"column":79}},"line":13},"5":{"name":"(anonymous_5)","decl":{"start":{"line":15,"column":19},"end":{"line":15,"column":20}},"loc":{"start":{"line":15,"column":27},"end":{"line":15,"column":58}},"line":15}},"branchMap":{},"s":{"0":1,"1":1,"2":0,"3":1,"4":1,"5":1,"6":0,"7":1,"8":2,"9":1,"10":0,"11":1,"12":1,"13":1},"f":{"0":0,"1":1,"2":0,"3":2,"4":0,"5":1},"b":{},"_coverageSchema":"1a1c01bbd47fc00a2c39e90264f33305004495a9","hash":"2941a80b0a9cecd4bff3c216c4a6f0206da8167e"}
}
